<?xml version="1.0" encoding="UTF-8"?>
<!-- Generated by org.testng.reporters.JUnitReportReporter -->
<testsuite hostname="DESKTOP-MVH6A9M" failures="0" tests="12" name="com.sgtesting.pageobjectmodel.CreateDeleteTaskScenario" time="94.321" errors="0" timestamp="2022-07-30T12:08:20 IST" skipped="0">
  <testcase classname="com.sgtesting.pageobjectmodel.CreateDeleteTaskScenario" name="LaunchBrowser" time="6.975"/>
  <system-out/>
  <testcase classname="com.sgtesting.pageobjectmodel.CreateDeleteTaskScenario" name="navigate" time="7.315"/>
  <system-out/>
  <testcase classname="com.sgtesting.pageobjectmodel.CreateDeleteTaskScenario" name="Login" time="3.220"/>
  <system-out/>
  <testcase classname="com.sgtesting.pageobjectmodel.CreateDeleteTaskScenario" name="minimizeFlyoutWindow" time="2.063"/>
  <system-out/>
  <testcase classname="com.sgtesting.pageobjectmodel.CreateDeleteTaskScenario" name="createCustomer" time="9.954"/>
  <system-out/>
  <testcase classname="com.sgtesting.pageobjectmodel.CreateDeleteTaskScenario" name="createProject" time="15.401"/>
  <system-out/>
  <testcase classname="com.sgtesting.pageobjectmodel.CreateDeleteTaskScenario" name="createTask" time="12.225"/>
  <system-out/>
  <testcase classname="com.sgtesting.pageobjectmodel.CreateDeleteTaskScenario" name="deleteTask" time="6.240"/>
  <system-out/>
  <testcase classname="com.sgtesting.pageobjectmodel.CreateDeleteTaskScenario" name="deleteProject" time="12.278"/>
  <system-out/>
  <testcase classname="com.sgtesting.pageobjectmodel.CreateDeleteTaskScenario" name="deleteCustomer" time="12.239"/>
  <system-out/>
  <testcase classname="com.sgtesting.pageobjectmodel.CreateDeleteTaskScenario" name="Logout" time="5.346"/>
  <system-out/>
  <testcase classname="com.sgtesting.pageobjectmodel.CreateDeleteTaskScenario" name="closeApplication" time="1.065"/>
  <system-out/>
</testsuite> <!-- com.sgtesting.pageobjectmodel.CreateDeleteTaskScenario -->
