<?xml version="1.0" encoding="UTF-8"?>
<!-- Generated by org.testng.reporters.JUnitReportReporter -->
<testsuite hostname="DESKTOP-MVH6A9M" failures="0" tests="1" name="AssignmentScenarioes.Assignment2" time="0.029" errors="0" timestamp="2022-08-04T09:02:30 IST" skipped="0">
  <testcase classname="AssignmentScenarioes.Assignment2" name="minimizeFlyoutWindow" time="0.029"/>
  <system-out/>
</testsuite> <!-- AssignmentScenarioes.Assignment2 -->
