<?xml version="1.0" encoding="UTF-8"?>
<!-- Generated by org.testng.reporters.JUnitReportReporter -->
<testsuite hostname="DESKTOP-MVH6A9M" failures="0" tests="6" name="com.sgtesting.pageobjectmodel.CreateDeleteCustomer" time="41.159" errors="0" timestamp="2022-07-29T15:00:57 IST" skipped="0">
  <testcase classname="com.sgtesting.pageobjectmodel.CreateDeleteCustomer" name="LaunchBrowser" time="4.990"/>
  <system-out/>
  <testcase classname="com.sgtesting.pageobjectmodel.CreateDeleteCustomer" name="navigate" time="8.201"/>
  <system-out/>
  <testcase classname="com.sgtesting.pageobjectmodel.CreateDeleteCustomer" name="Login" time="3.275"/>
  <system-out/>
  <testcase classname="com.sgtesting.pageobjectmodel.CreateDeleteCustomer" name="minimizeFlyoutWindow" time="2.080"/>
  <system-out/>
  <testcase classname="com.sgtesting.pageobjectmodel.CreateDeleteCustomer" name="createCustomer" time="10.252"/>
  <system-out/>
  <testcase classname="com.sgtesting.pageobjectmodel.CreateDeleteCustomer" name="deleteCustomer" time="12.361"/>
  <system-out/>
</testsuite> <!-- com.sgtesting.pageobjectmodel.CreateDeleteCustomer -->
