<?xml version="1.0" encoding="UTF-8"?>
<!-- Generated by org.testng.reporters.JUnitReportReporter -->
<testsuite hostname="DESKTOP-MVH6A9M" failures="0" tests="10" name="com.sgtesting.pageobjectmodel.CreateProjectScenario" time="70.860" errors="0" timestamp="2022-07-29T22:01:46 IST" skipped="0">
  <testcase classname="com.sgtesting.pageobjectmodel.CreateProjectScenario" name="LaunchBrowser" time="2.451"/>
  <system-out/>
  <testcase classname="com.sgtesting.pageobjectmodel.CreateProjectScenario" name="navigate" time="7.781"/>
  <system-out/>
  <testcase classname="com.sgtesting.pageobjectmodel.CreateProjectScenario" name="Login" time="3.251"/>
  <system-out/>
  <testcase classname="com.sgtesting.pageobjectmodel.CreateProjectScenario" name="minimizeFlyoutWindow" time="2.062"/>
  <system-out/>
  <testcase classname="com.sgtesting.pageobjectmodel.CreateProjectScenario" name="createCustomer" time="10.005"/>
  <system-out/>
  <testcase classname="com.sgtesting.pageobjectmodel.CreateProjectScenario" name="createProject" time="15.394"/>
  <system-out/>
  <testcase classname="com.sgtesting.pageobjectmodel.CreateProjectScenario" name="deleteProject" time="12.255"/>
  <system-out/>
  <testcase classname="com.sgtesting.pageobjectmodel.CreateProjectScenario" name="deleteCustomer" time="12.246"/>
  <system-out/>
  <testcase classname="com.sgtesting.pageobjectmodel.CreateProjectScenario" name="Logout" time="5.261"/>
  <system-out/>
  <testcase classname="com.sgtesting.pageobjectmodel.CreateProjectScenario" name="closeApplication" time="0.154"/>
  <system-out/>
</testsuite> <!-- com.sgtesting.pageobjectmodel.CreateProjectScenario -->
