<?xml version="1.0" encoding="UTF-8"?>
<!-- Generated by org.testng.reporters.JUnitReportReporter -->
<testsuite hostname="DESKTOP-MVH6A9M" failures="0" tests="9" name="com.sgtesting.pageobjectmodel.ModifyCustomerScenario" time="58.021" errors="0" timestamp="2022-07-29T15:46:40 IST" skipped="0">
  <testcase classname="com.sgtesting.pageobjectmodel.ModifyCustomerScenario" name="LaunchBrowser" time="2.530"/>
  <system-out/>
  <testcase classname="com.sgtesting.pageobjectmodel.ModifyCustomerScenario" name="navigate" time="9.979"/>
  <system-out/>
  <testcase classname="com.sgtesting.pageobjectmodel.ModifyCustomerScenario" name="Login" time="3.276"/>
  <system-out/>
  <testcase classname="com.sgtesting.pageobjectmodel.ModifyCustomerScenario" name="minimizeFlyoutWindow" time="2.071"/>
  <system-out/>
  <testcase classname="com.sgtesting.pageobjectmodel.ModifyCustomerScenario" name="createCustomer" time="10.032"/>
  <system-out/>
  <testcase classname="com.sgtesting.pageobjectmodel.ModifyCustomerScenario" name="modifyCustomer" time="12.396"/>
  <system-out/>
  <testcase classname="com.sgtesting.pageobjectmodel.ModifyCustomerScenario" name="deleteCustomer" time="12.327"/>
  <system-out/>
  <testcase classname="com.sgtesting.pageobjectmodel.ModifyCustomerScenario" name="Logout" time="5.283"/>
  <system-out/>
  <testcase classname="com.sgtesting.pageobjectmodel.ModifyCustomerScenario" name="closeApplication" time="0.127"/>
  <system-out/>
</testsuite> <!-- com.sgtesting.pageobjectmodel.ModifyCustomerScenario -->
