<?xml version="1.0" encoding="UTF-8"?>
<!-- Generated by org.testng.reporters.JUnitReportReporter -->
<testsuite hostname="DESKTOP-MVH6A9M" failures="0" tests="9" name="com.sgtesting.pageobjectmodel.CreateUserScenario" time="68.935" errors="0" timestamp="2022-07-29T13:35:26 IST" skipped="0">
  <testcase classname="com.sgtesting.pageobjectmodel.CreateUserScenario" name="LaunchBrowser" time="3.276"/>
  <system-out/>
  <testcase classname="com.sgtesting.pageobjectmodel.CreateUserScenario" name="navigate" time="9.001"/>
  <system-out/>
  <testcase classname="com.sgtesting.pageobjectmodel.CreateUserScenario" name="Login" time="3.274"/>
  <system-out/>
  <testcase classname="com.sgtesting.pageobjectmodel.CreateUserScenario" name="minimizeFlyoutWindow" time="2.081"/>
  <system-out/>
  <testcase classname="com.sgtesting.pageobjectmodel.CreateUserScenario" name="createUser" time="20.607"/>
  <system-out/>
  <testcase classname="com.sgtesting.pageobjectmodel.CreateUserScenario" name="modifyUser" time="12.386"/>
  <system-out/>
  <testcase classname="com.sgtesting.pageobjectmodel.CreateUserScenario" name="deleteuser" time="12.218"/>
  <system-out/>
  <testcase classname="com.sgtesting.pageobjectmodel.CreateUserScenario" name="Logout" time="5.641"/>
  <system-out/>
  <testcase classname="com.sgtesting.pageobjectmodel.CreateUserScenario" name="closeApplication" time="0.451"/>
  <system-out/>
</testsuite> <!-- com.sgtesting.pageobjectmodel.CreateUserScenario -->
